{"/Users/rijogeorge/Documents/projects/productSync/backend/src/app.ts": {"path":"/Users/rijogeorge/Documents/projects/productSync/backend/src/app.ts","statementMap":{"0":{"start":{"line":1,"column":0},"end":{"line":1,"column":30}},"1":{"start":{"line":2,"column":0},"end":{"line":2,"column":28}},"2":{"start":{"line":3,"column":0},"end":{"line":3,"column":56}},"3":{"start":{"line":4,"column":0},"end":{"line":4,"column":74}},"4":{"start":{"line":7,"column":12},"end":{"line":7,"column":21}},"5":{"start":{"line":9,"column":0},"end":{"line":9,"column":49}},"6":{"start":{"line":10,"column":0},"end":{"line":10,"column":24}},"7":{"start":{"line":11,"column":0},"end":{"line":11,"column":23}},"8":{"start":{"line":14,"column":0},"end":{"line":17,"column":3}},"9":{"start":{"line":16,"column":2},"end":{"line":16,"column":53}},"10":{"start":{"line":19,"column":0},"end":{"line":19,"column":29}},"11":{"start":{"line":21,"column":0},"end":{"line":21,"column":28}},"12":{"start":{"line":23,"column":0},"end":{"line":23,"column":19}}},"fnMap":{"0":{"name":"(anonymous_1)","decl":{"start":{"line":14,"column":13},"end":{"line":14,"column":14}},"loc":{"start":{"line":14,"column":26},"end":{"line":17,"column":1}}}},"branchMap":{},"s":{"0":1,"1":1,"2":1,"3":1,"4":1,"5":1,"6":1,"7":1,"8":1,"9":0,"10":1,"11":1,"12":1},"f":{"0":0},"b":{}}
,"/Users/rijogeorge/Documents/projects/productSync/backend/src/config/db.config.ts": {"path":"/Users/rijogeorge/Documents/projects/productSync/backend/src/config/db.config.ts","statementMap":{"0":{"start":{"line":1,"column":0},"end":{"line":1,"column":20}},"1":{"start":{"line":3,"column":17},"end":{"line":3,"column":19}},"2":{"start":{"line":7,"column":0},"end":{"line":47,"column":1}},"3":{"start":{"line":8,"column":2},"end":{"line":16,"column":5}},"4":{"start":{"line":17,"column":7},"end":{"line":47,"column":1}},"5":{"start":{"line":18,"column":2},"end":{"line":26,"column":5}},"6":{"start":{"line":27,"column":7},"end":{"line":47,"column":1}},"7":{"start":{"line":28,"column":2},"end":{"line":36,"column":5}},"8":{"start":{"line":38,"column":2},"end":{"line":46,"column":5}},"9":{"start":{"line":49,"column":0},"end":{"line":49,"column":22}}},"fnMap":{},"branchMap":{"0":{"loc":{"start":{"line":7,"column":0},"end":{"line":47,"column":1}},"type":"if","locations":[{"start":{"line":7,"column":0},"end":{"line":47,"column":1}},{"start":{"line":17,"column":7},"end":{"line":47,"column":1}}]},"1":{"loc":{"start":{"line":17,"column":7},"end":{"line":47,"column":1}},"type":"if","locations":[{"start":{"line":17,"column":7},"end":{"line":47,"column":1}},{"start":{"line":27,"column":7},"end":{"line":47,"column":1}}]},"2":{"loc":{"start":{"line":27,"column":7},"end":{"line":47,"column":1}},"type":"if","locations":[{"start":{"line":27,"column":7},"end":{"line":47,"column":1}},{"start":{"line":37,"column":7},"end":{"line":47,"column":1}}]}},"s":{"0":1,"1":1,"2":1,"3":0,"4":1,"5":1,"6":0,"7":0,"8":0,"9":1},"f":{},"b":{"0":[0,1],"1":[1,0],"2":[0,0]}}
,"/Users/rijogeorge/Documents/projects/productSync/backend/src/controllers/authentication.controller.ts": {"path":"/Users/rijogeorge/Documents/projects/productSync/backend/src/controllers/authentication.controller.ts","statementMap":{"0":{"start":{"line":5,"column":0},"end":{"line":5,"column":22}},"1":{"start":{"line":2,"column":0},"end":{"line":2,"column":76}},"2":{"start":{"line":3,"column":0},"end":{"line":3,"column":65}},"3":{"start":{"line":10,"column":2},"end":{"line":13,"column":3}},"4":{"start":{"line":11,"column":4},"end":{"line":11,"column":55}},"5":{"start":{"line":12,"column":4},"end":{"line":12,"column":11}},"6":{"start":{"line":14,"column":2},"end":{"line":20,"column":3}},"7":{"start":{"line":15,"column":21},"end":{"line":15,"column":29}},"8":{"start":{"line":16,"column":21},"end":{"line":16,"column":67}},"9":{"start":{"line":17,"column":4},"end":{"line":17,"column":51}},"10":{"start":{"line":19,"column":4},"end":{"line":19,"column":67}}},"fnMap":{"0":{"name":"registerUser","decl":{"start":{"line":5,"column":22},"end":{"line":5,"column":34}},"loc":{"start":{"line":8,"column":20},"end":{"line":21,"column":null}}}},"branchMap":{"0":{"loc":{"start":{"line":10,"column":2},"end":{"line":13,"column":3}},"type":"if","locations":[{"start":{"line":10,"column":2},"end":{"line":13,"column":3}}]}},"s":{"0":1,"1":1,"2":1,"3":8,"4":0,"5":0,"6":8,"7":8,"8":8,"9":8,"10":0},"f":{"0":8},"b":{"0":[0]}}
,"/Users/rijogeorge/Documents/projects/productSync/backend/src/middleware/ErrorHandler.middleware.ts": {"path":"/Users/rijogeorge/Documents/projects/productSync/backend/src/middleware/ErrorHandler.middleware.ts","statementMap":{"0":{"start":{"line":3,"column":0},"end":{"line":3,"column":16}},"1":{"start":{"line":9,"column":2},"end":{"line":9,"column":41}},"2":{"start":{"line":10,"column":2},"end":{"line":10,"column":37}},"3":{"start":{"line":12,"column":2},"end":{"line":31,"column":3}},"4":{"start":{"line":13,"column":4},"end":{"line":18,"column":7}},"5":{"start":{"line":19,"column":9},"end":{"line":31,"column":3}},"6":{"start":{"line":20,"column":4},"end":{"line":23,"column":7}},"7":{"start":{"line":25,"column":4},"end":{"line":30,"column":7}},"8":{"start":{"line":40,"column":4},"end":{"line":40,"column":19}},"9":{"start":{"line":41,"column":4},"end":{"line":41,"column":33}},"10":{"start":{"line":42,"column":4},"end":{"line":42,"column":69}},"11":{"start":{"line":43,"column":4},"end":{"line":43,"column":30}},"12":{"start":{"line":45,"column":4},"end":{"line":45,"column":52}},"13":{"start":{"line":34,"column":0},"end":{"line":34,"column":13}}},"fnMap":{"0":{"name":"globalErrorHandler","decl":{"start":{"line":3,"column":16},"end":{"line":3,"column":34}},"loc":{"start":{"line":7,"column":20},"end":{"line":32,"column":1}}},"1":{"name":"(anonymous_1)","decl":{"start":{"line":39,"column":2},"end":{"line":39,"column":14}},"loc":{"start":{"line":39,"column":49},"end":{"line":46,"column":3}}}},"branchMap":{"0":{"loc":{"start":{"line":9,"column":19},"end":{"line":9,"column":40}},"type":"binary-expr","locations":[{"start":{"line":9,"column":19},"end":{"line":9,"column":33}},{"start":{"line":9,"column":37},"end":{"line":9,"column":40}}]},"1":{"loc":{"start":{"line":10,"column":15},"end":{"line":10,"column":36}},"type":"binary-expr","locations":[{"start":{"line":10,"column":15},"end":{"line":10,"column":25}},{"start":{"line":10,"column":29},"end":{"line":10,"column":36}}]},"2":{"loc":{"start":{"line":12,"column":2},"end":{"line":31,"column":3}},"type":"if","locations":[{"start":{"line":12,"column":2},"end":{"line":31,"column":3}},{"start":{"line":19,"column":9},"end":{"line":31,"column":3}}]},"3":{"loc":{"start":{"line":19,"column":9},"end":{"line":31,"column":3}},"type":"if","locations":[{"start":{"line":19,"column":9},"end":{"line":31,"column":3}},{"start":{"line":24,"column":9},"end":{"line":31,"column":3}}]},"4":{"loc":{"start":{"line":42,"column":18},"end":{"line":42,"column":68}},"type":"cond-expr","locations":[{"start":{"line":42,"column":52},"end":{"line":42,"column":58}},{"start":{"line":42,"column":61},"end":{"line":42,"column":68}}]}},"s":{"0":1,"1":0,"2":0,"3":0,"4":0,"5":0,"6":0,"7":0,"8":0,"9":0,"10":0,"11":0,"12":0,"13":1},"f":{"0":0,"1":0},"b":{"0":[0,0],"1":[0,0],"2":[0,0],"3":[0,0],"4":[0,0]}}
,"/Users/rijogeorge/Documents/projects/productSync/backend/src/routes/authentication.routes.ts": {"path":"/Users/rijogeorge/Documents/projects/productSync/backend/src/routes/authentication.routes.ts","statementMap":{"0":{"start":{"line":1,"column":0},"end":{"line":1,"column":33}},"1":{"start":{"line":2,"column":0},"end":{"line":2,"column":72}},"2":{"start":{"line":4,"column":15},"end":{"line":4,"column":23}},"3":{"start":{"line":6,"column":0},"end":{"line":6,"column":39}},"4":{"start":{"line":8,"column":0},"end":{"line":8,"column":22}}},"fnMap":{},"branchMap":{},"s":{"0":1,"1":1,"2":1,"3":1,"4":1},"f":{},"b":{}}
,"/Users/rijogeorge/Documents/projects/productSync/backend/src/services/authentication.service.ts": {"path":"/Users/rijogeorge/Documents/projects/productSync/backend/src/services/authentication.service.ts","statementMap":{"0":{"start":{"line":5,"column":0},"end":{"line":5,"column":22}},"1":{"start":{"line":1,"column":0},"end":{"line":1,"column":41}},"2":{"start":{"line":6,"column":2},"end":{"line":76,"column":3}},"3":{"start":{"line":7,"column":4},"end":{"line":14,"column":5}},"4":{"start":{"line":8,"column":6},"end":{"line":12,"column":8}},"5":{"start":{"line":13,"column":6},"end":{"line":13,"column":22}},"6":{"start":{"line":15,"column":4},"end":{"line":22,"column":5}},"7":{"start":{"line":16,"column":6},"end":{"line":20,"column":8}},"8":{"start":{"line":21,"column":6},"end":{"line":21,"column":22}},"9":{"start":{"line":24,"column":23},"end":{"line":24,"column":51}},"10":{"start":{"line":25,"column":4},"end":{"line":32,"column":5}},"11":{"start":{"line":26,"column":6},"end":{"line":30,"column":8}},"12":{"start":{"line":31,"column":6},"end":{"line":31,"column":22}},"13":{"start":{"line":34,"column":19},"end":{"line":36,"column":null}},"14":{"start":{"line":39,"column":4},"end":{"line":46,"column":5}},"15":{"start":{"line":40,"column":6},"end":{"line":44,"column":8}},"16":{"start":{"line":45,"column":6},"end":{"line":45,"column":22}},"17":{"start":{"line":47,"column":24},"end":{"line":49,"column":null}},"18":{"start":{"line":52,"column":4},"end":{"line":59,"column":5}},"19":{"start":{"line":53,"column":6},"end":{"line":57,"column":8}},"20":{"start":{"line":58,"column":6},"end":{"line":58,"column":22}},"21":{"start":{"line":60,"column":18},"end":{"line":71,"column":6}},"22":{"start":{"line":72,"column":20},"end":{"line":72,"column":45}},"23":{"start":{"line":73,"column":4},"end":{"line":73,"column":63}},"24":{"start":{"line":75,"column":4},"end":{"line":75,"column":54}},"25":{"start":{"line":77,"column":2},"end":{"line":77,"column":18}}},"fnMap":{"0":{"name":"registerUser","decl":{"start":{"line":5,"column":22},"end":{"line":5,"column":34}},"loc":{"start":{"line":5,"column":45},"end":{"line":78,"column":null}}}},"branchMap":{"0":{"loc":{"start":{"line":7,"column":4},"end":{"line":14,"column":5}},"type":"if","locations":[{"start":{"line":7,"column":4},"end":{"line":14,"column":5}}]},"1":{"loc":{"start":{"line":7,"column":8},"end":{"line":7,"column":55}},"type":"binary-expr","locations":[{"start":{"line":7,"column":8},"end":{"line":7,"column":22}},{"start":{"line":7,"column":26},"end":{"line":7,"column":37}},{"start":{"line":7,"column":41},"end":{"line":7,"column":55}}]},"2":{"loc":{"start":{"line":15,"column":4},"end":{"line":22,"column":5}},"type":"if","locations":[{"start":{"line":15,"column":4},"end":{"line":22,"column":5}}]},"3":{"loc":{"start":{"line":25,"column":4},"end":{"line":32,"column":5}},"type":"if","locations":[{"start":{"line":25,"column":4},"end":{"line":32,"column":5}}]},"4":{"loc":{"start":{"line":39,"column":4},"end":{"line":46,"column":5}},"type":"if","locations":[{"start":{"line":39,"column":4},"end":{"line":46,"column":5}}]},"5":{"loc":{"start":{"line":52,"column":4},"end":{"line":59,"column":5}},"type":"if","locations":[{"start":{"line":52,"column":4},"end":{"line":59,"column":5}}]}},"s":{"0":1,"1":1,"2":8,"3":8,"4":5,"5":5,"6":3,"7":2,"8":2,"9":1,"10":1,"11":0,"12":0,"13":1,"14":1,"15":0,"16":0,"17":1,"18":1,"19":0,"20":0,"21":1,"22":1,"23":1,"24":0,"25":1},"f":{"0":8},"b":{"0":[5],"1":[8,7,4],"2":[2],"3":[0],"4":[0],"5":[0]}}
}
