TN:
SF:src/app.ts
FN:14,(anonymous_1)
FNF:1
FNH:0
FNDA:0,(anonymous_1)
DA:1,1
DA:2,1
DA:3,1
DA:4,1
DA:7,1
DA:9,1
DA:10,1
DA:11,1
DA:14,1
DA:16,0
DA:19,1
DA:21,1
DA:23,1
LF:13
LH:12
BRF:0
BRH:0
end_of_record
TN:
SF:src/config/db.config.ts
FNF:0
FNH:0
DA:1,1
DA:3,1
DA:7,1
DA:8,0
DA:17,1
DA:18,1
DA:27,0
DA:28,0
DA:38,0
DA:49,1
LF:10
LH:6
BRDA:7,0,0,0
BRDA:7,0,1,1
BRDA:17,1,0,1
BRDA:17,1,1,0
BRDA:27,2,0,0
BRDA:27,2,1,0
BRF:6
BRH:2
end_of_record
TN:
SF:src/controllers/authentication.controller.ts
FN:5,registerUser
FNF:1
FNH:1
FNDA:8,registerUser
DA:2,1
DA:3,1
DA:5,1
DA:10,8
DA:11,0
DA:12,0
DA:14,8
DA:15,8
DA:16,8
DA:17,8
DA:19,0
LF:11
LH:8
BRDA:10,0,0,0
BRF:1
BRH:0
end_of_record
TN:
SF:src/middleware/ErrorHandler.middleware.ts
FN:3,globalErrorHandler
FN:39,(anonymous_1)
FNF:2
FNH:0
FNDA:0,globalErrorHandler
FNDA:0,(anonymous_1)
DA:3,1
DA:9,0
DA:10,0
DA:12,0
DA:13,0
DA:19,0
DA:20,0
DA:25,0
DA:34,1
DA:40,0
DA:41,0
DA:42,0
DA:43,0
DA:45,0
LF:14
LH:2
BRDA:9,0,0,0
BRDA:9,0,1,0
BRDA:10,1,0,0
BRDA:10,1,1,0
BRDA:12,2,0,0
BRDA:12,2,1,0
BRDA:19,3,0,0
BRDA:19,3,1,0
BRDA:42,4,0,0
BRDA:42,4,1,0
BRF:10
BRH:0
end_of_record
TN:
SF:src/routes/authentication.routes.ts
FNF:0
FNH:0
DA:1,1
DA:2,1
DA:4,1
DA:6,1
DA:8,1
LF:5
LH:5
BRF:0
BRH:0
end_of_record
TN:
SF:src/services/authentication.service.ts
FN:5,registerUser
FNF:1
FNH:1
FNDA:8,registerUser
DA:1,1
DA:5,1
DA:6,8
DA:7,8
DA:8,5
DA:13,5
DA:15,3
DA:16,2
DA:21,2
DA:24,1
DA:25,1
DA:26,0
DA:31,0
DA:34,1
DA:39,1
DA:40,0
DA:45,0
DA:47,1
DA:52,1
DA:53,0
DA:58,0
DA:60,1
DA:72,1
DA:73,1
DA:75,0
DA:77,1
LF:26
LH:19
BRDA:7,0,0,5
BRDA:7,1,0,8
BRDA:7,1,1,7
BRDA:7,1,2,4
BRDA:15,2,0,2
BRDA:25,3,0,0
BRDA:39,4,0,0
BRDA:52,5,0,0
BRF:8
BRH:5
end_of_record
